[debug] [2023-09-03T07:58:13.391Z] ----------------------------------------------------------------------
[debug] [2023-09-03T07:58:13.392Z] Command:       C:\Program Files\nodejs\node.exe C:\Users\danie\AppData\Local\Yarn\Data\global\node_modules\firebase-tools\lib\bin\firebase.js deploy --only functions --debug
[debug] [2023-09-03T07:58:13.393Z] CLI Version:   12.4.7
[debug] [2023-09-03T07:58:13.393Z] Platform:      win32
[debug] [2023-09-03T07:58:13.393Z] Node Version:  v18.17.0
[debug] [2023-09-03T07:58:13.394Z] Time:          Sun Sep 03 2023 03:58:13 GMT-0400 (Venezuela Time)
[debug] [2023-09-03T07:58:13.394Z] ----------------------------------------------------------------------
[debug] 
[debug] [2023-09-03T07:58:13.447Z] Object ".extensions" in "firebase.json" has unknown property: {"additionalProperty":"firestore-send-email"}
[debug] [2023-09-03T07:58:13.453Z] > command requires scopes: ["email","openid","https://www.googleapis.com/auth/cloudplatformprojects.readonly","https://www.googleapis.com/auth/firebase","https://www.googleapis.com/auth/cloud-platform"]
[debug] [2023-09-03T07:58:13.454Z] > authorizing via signed-in user (daniel.uzcategui@chopzi.com)
[debug] [2023-09-03T07:58:13.454Z] [iam] checking project ecrphmsb for permissions ["cloudfunctions.functions.create","cloudfunctions.functions.delete","cloudfunctions.functions.get","cloudfunctions.functions.list","cloudfunctions.functions.update","cloudfunctions.operations.get","firebase.projects.get"]
[debug] [2023-09-03T07:58:13.456Z] >>> [apiv2][query] POST https://cloudresourcemanager.googleapis.com/v1/projects/ecrphmsb:testIamPermissions [none]
[debug] [2023-09-03T07:58:13.456Z] >>> [apiv2][(partial)header] POST https://cloudresourcemanager.googleapis.com/v1/projects/ecrphmsb:testIamPermissions x-goog-quota-user=projects/ecrphmsb
[debug] [2023-09-03T07:58:13.456Z] >>> [apiv2][body] POST https://cloudresourcemanager.googleapis.com/v1/projects/ecrphmsb:testIamPermissions {"permissions":["cloudfunctions.functions.create","cloudfunctions.functions.delete","cloudfunctions.functions.get","cloudfunctions.functions.list","cloudfunctions.functions.update","cloudfunctions.operations.get","firebase.projects.get"]}
[debug] [2023-09-03T07:58:13.782Z] <<< [apiv2][status] POST https://cloudresourcemanager.googleapis.com/v1/projects/ecrphmsb:testIamPermissions 200
[debug] [2023-09-03T07:58:13.783Z] <<< [apiv2][body] POST https://cloudresourcemanager.googleapis.com/v1/projects/ecrphmsb:testIamPermissions {"permissions":["cloudfunctions.functions.create","cloudfunctions.functions.delete","cloudfunctions.functions.get","cloudfunctions.functions.list","cloudfunctions.functions.update","cloudfunctions.operations.get","firebase.projects.get"]}
[debug] [2023-09-03T07:58:13.784Z] >>> [apiv2][query] POST https://iam.googleapis.com/v1/projects/ecrphmsb/serviceAccounts/ecrphmsb@appspot.gserviceaccount.com:testIamPermissions [none]
[debug] [2023-09-03T07:58:13.784Z] >>> [apiv2][body] POST https://iam.googleapis.com/v1/projects/ecrphmsb/serviceAccounts/ecrphmsb@appspot.gserviceaccount.com:testIamPermissions {"permissions":["iam.serviceAccounts.actAs"]}
[debug] [2023-09-03T07:58:14.083Z] <<< [apiv2][status] POST https://iam.googleapis.com/v1/projects/ecrphmsb/serviceAccounts/ecrphmsb@appspot.gserviceaccount.com:testIamPermissions 200
[debug] [2023-09-03T07:58:14.083Z] <<< [apiv2][body] POST https://iam.googleapis.com/v1/projects/ecrphmsb/serviceAccounts/ecrphmsb@appspot.gserviceaccount.com:testIamPermissions {"permissions":["iam.serviceAccounts.actAs"]}
[info] 
[info] === Deploying to 'ecrphmsb'...
[info] 
[info] i  deploying functions 
[info] Running command: npm --prefix "$RESOURCE_DIR" run lint
[info] +  functions: Finished running predeploy script. 
[info] Running command: npm --prefix "$RESOURCE_DIR" run lint
[error] 
[error] Error: functions predeploy error: Command terminated with non-zero exit code 1
[debug] [2023-09-03T07:58:37.884Z] ----------------------------------------------------------------------
[debug] [2023-09-03T07:58:37.886Z] Command:       C:\Program Files\nodejs\node.exe C:\Users\danie\AppData\Local\Yarn\Data\global\node_modules\firebase-tools\lib\bin\firebase.js deploy --only functions --debug
[debug] [2023-09-03T07:58:37.887Z] CLI Version:   12.4.7
[debug] [2023-09-03T07:58:37.887Z] Platform:      win32
[debug] [2023-09-03T07:58:37.887Z] Node Version:  v18.17.0
[debug] [2023-09-03T07:58:37.888Z] Time:          Sun Sep 03 2023 03:58:37 GMT-0400 (Venezuela Time)
[debug] [2023-09-03T07:58:37.888Z] ----------------------------------------------------------------------
[debug] 
[debug] [2023-09-03T07:58:37.959Z] Object ".extensions" in "firebase.json" has unknown property: {"additionalProperty":"firestore-send-email"}
[debug] [2023-09-03T07:58:37.965Z] > command requires scopes: ["email","openid","https://www.googleapis.com/auth/cloudplatformprojects.readonly","https://www.googleapis.com/auth/firebase","https://www.googleapis.com/auth/cloud-platform"]
[debug] [2023-09-03T07:58:37.965Z] > authorizing via signed-in user (daniel.uzcategui@chopzi.com)
[debug] [2023-09-03T07:58:37.966Z] [iam] checking project ecrphmsb for permissions ["cloudfunctions.functions.create","cloudfunctions.functions.delete","cloudfunctions.functions.get","cloudfunctions.functions.list","cloudfunctions.functions.update","cloudfunctions.operations.get","firebase.projects.get"]
[debug] [2023-09-03T07:58:37.968Z] >>> [apiv2][query] POST https://cloudresourcemanager.googleapis.com/v1/projects/ecrphmsb:testIamPermissions [none]
[debug] [2023-09-03T07:58:37.968Z] >>> [apiv2][(partial)header] POST https://cloudresourcemanager.googleapis.com/v1/projects/ecrphmsb:testIamPermissions x-goog-quota-user=projects/ecrphmsb
[debug] [2023-09-03T07:58:37.969Z] >>> [apiv2][body] POST https://cloudresourcemanager.googleapis.com/v1/projects/ecrphmsb:testIamPermissions {"permissions":["cloudfunctions.functions.create","cloudfunctions.functions.delete","cloudfunctions.functions.get","cloudfunctions.functions.list","cloudfunctions.functions.update","cloudfunctions.operations.get","firebase.projects.get"]}
[debug] [2023-09-03T07:58:38.419Z] <<< [apiv2][status] POST https://cloudresourcemanager.googleapis.com/v1/projects/ecrphmsb:testIamPermissions 200
[debug] [2023-09-03T07:58:38.419Z] <<< [apiv2][body] POST https://cloudresourcemanager.googleapis.com/v1/projects/ecrphmsb:testIamPermissions {"permissions":["cloudfunctions.functions.create","cloudfunctions.functions.delete","cloudfunctions.functions.get","cloudfunctions.functions.list","cloudfunctions.functions.update","cloudfunctions.operations.get","firebase.projects.get"]}
[debug] [2023-09-03T07:58:38.420Z] >>> [apiv2][query] POST https://iam.googleapis.com/v1/projects/ecrphmsb/serviceAccounts/ecrphmsb@appspot.gserviceaccount.com:testIamPermissions [none]
[debug] [2023-09-03T07:58:38.420Z] >>> [apiv2][body] POST https://iam.googleapis.com/v1/projects/ecrphmsb/serviceAccounts/ecrphmsb@appspot.gserviceaccount.com:testIamPermissions {"permissions":["iam.serviceAccounts.actAs"]}
[debug] [2023-09-03T07:58:38.654Z] <<< [apiv2][status] POST https://iam.googleapis.com/v1/projects/ecrphmsb/serviceAccounts/ecrphmsb@appspot.gserviceaccount.com:testIamPermissions 200
[debug] [2023-09-03T07:58:38.654Z] <<< [apiv2][body] POST https://iam.googleapis.com/v1/projects/ecrphmsb/serviceAccounts/ecrphmsb@appspot.gserviceaccount.com:testIamPermissions {"permissions":["iam.serviceAccounts.actAs"]}
[info] 
[info] === Deploying to 'ecrphmsb'...
[info] 
[info] i  deploying functions 
[info] Running command: npm --prefix "$RESOURCE_DIR" run lint
[info] +  functions: Finished running predeploy script. 
[info] Running command: npm --prefix "$RESOURCE_DIR" run lint
[info] +  functions: Finished running predeploy script. 
[debug] [2023-09-03T07:58:41.876Z] >>> [apiv2][query] GET https://firebase.googleapis.com/v1beta1/projects/ecrphmsb [none]
[debug] [2023-09-03T07:58:42.239Z] <<< [apiv2][status] GET https://firebase.googleapis.com/v1beta1/projects/ecrphmsb 200
[debug] [2023-09-03T07:58:42.239Z] <<< [apiv2][body] GET https://firebase.googleapis.com/v1beta1/projects/ecrphmsb {"projectId":"ecrphmsb","projectNumber":"9151880564","displayName":"ecrphmsb","name":"projects/ecrphmsb","resources":{"hostingSite":"ecrphmsb","storageBucket":"ecrphmsb.appspot.com","locationId":"us-central"},"state":"ACTIVE","etag":"1_00396933-2311-47ed-9120-e3a511b0b764"}
[info] i  functions: preparing codebase default for deployment 
[info] i  functions: preparing codebase colegio for deployment 
[info] i  functions: ensuring required API cloudfunctions.googleapis.com is enabled... 
[info] i  functions: ensuring required API cloudbuild.googleapis.com is enabled... 
[info] i  artifactregistry: ensuring required API artifactregistry.googleapis.com is enabled... 
[debug] [2023-09-03T07:58:42.242Z] >>> [apiv2][query] GET https://serviceusage.googleapis.com/v1/projects/ecrphmsb/services/cloudfunctions.googleapis.com [none]
[debug] [2023-09-03T07:58:42.242Z] >>> [apiv2][(partial)header] GET https://serviceusage.googleapis.com/v1/projects/ecrphmsb/services/cloudfunctions.googleapis.com x-goog-quota-user=projects/ecrphmsb
[debug] [2023-09-03T07:58:42.243Z] >>> [apiv2][query] GET https://serviceusage.googleapis.com/v1/projects/ecrphmsb/services/runtimeconfig.googleapis.com [none]
[debug] [2023-09-03T07:58:42.243Z] >>> [apiv2][(partial)header] GET https://serviceusage.googleapis.com/v1/projects/ecrphmsb/services/runtimeconfig.googleapis.com x-goog-quota-user=projects/ecrphmsb
[debug] [2023-09-03T07:58:42.244Z] >>> [apiv2][query] GET https://serviceusage.googleapis.com/v1/projects/ecrphmsb/services/cloudbuild.googleapis.com [none]
[debug] [2023-09-03T07:58:42.244Z] >>> [apiv2][(partial)header] GET https://serviceusage.googleapis.com/v1/projects/ecrphmsb/services/cloudbuild.googleapis.com x-goog-quota-user=projects/ecrphmsb
[debug] [2023-09-03T07:58:42.245Z] >>> [apiv2][query] GET https://serviceusage.googleapis.com/v1/projects/ecrphmsb/services/artifactregistry.googleapis.com [none]
[debug] [2023-09-03T07:58:42.245Z] >>> [apiv2][(partial)header] GET https://serviceusage.googleapis.com/v1/projects/ecrphmsb/services/artifactregistry.googleapis.com x-goog-quota-user=projects/ecrphmsb
[debug] [2023-09-03T07:58:42.793Z] <<< [apiv2][status] GET https://serviceusage.googleapis.com/v1/projects/ecrphmsb/services/runtimeconfig.googleapis.com 200
[debug] [2023-09-03T07:58:42.793Z] <<< [apiv2][body] GET https://serviceusage.googleapis.com/v1/projects/ecrphmsb/services/runtimeconfig.googleapis.com [omitted]
[debug] [2023-09-03T07:58:42.795Z] <<< [apiv2][status] GET https://serviceusage.googleapis.com/v1/projects/ecrphmsb/services/cloudfunctions.googleapis.com 200
[debug] [2023-09-03T07:58:42.795Z] <<< [apiv2][body] GET https://serviceusage.googleapis.com/v1/projects/ecrphmsb/services/cloudfunctions.googleapis.com [omitted]
[info] +  functions: required API cloudfunctions.googleapis.com is enabled 
[debug] [2023-09-03T07:58:42.796Z] <<< [apiv2][status] GET https://serviceusage.googleapis.com/v1/projects/ecrphmsb/services/artifactregistry.googleapis.com 200
[debug] [2023-09-03T07:58:42.797Z] <<< [apiv2][body] GET https://serviceusage.googleapis.com/v1/projects/ecrphmsb/services/artifactregistry.googleapis.com [omitted]
[info] +  artifactregistry: required API artifactregistry.googleapis.com is enabled 
[debug] [2023-09-03T07:58:42.801Z] <<< [apiv2][status] GET https://serviceusage.googleapis.com/v1/projects/ecrphmsb/services/cloudbuild.googleapis.com 200
[debug] [2023-09-03T07:58:42.801Z] <<< [apiv2][body] GET https://serviceusage.googleapis.com/v1/projects/ecrphmsb/services/cloudbuild.googleapis.com [omitted]
[info] +  functions: required API cloudbuild.googleapis.com is enabled 
[debug] [2023-09-03T07:58:42.802Z] >>> [apiv2][query] GET https://firebase.googleapis.com/v1beta1/projects/ecrphmsb/adminSdkConfig [none]
[debug] [2023-09-03T07:58:43.141Z] <<< [apiv2][status] GET https://firebase.googleapis.com/v1beta1/projects/ecrphmsb/adminSdkConfig 200
[debug] [2023-09-03T07:58:43.142Z] <<< [apiv2][body] GET https://firebase.googleapis.com/v1beta1/projects/ecrphmsb/adminSdkConfig {"projectId":"ecrphmsb","storageBucket":"ecrphmsb.appspot.com","locationId":"us-central"}
[debug] [2023-09-03T07:58:43.142Z] >>> [apiv2][query] GET https://runtimeconfig.googleapis.com/v1beta1/projects/ecrphmsb/configs [none]
[debug] [2023-09-03T07:58:43.439Z] <<< [apiv2][status] GET https://runtimeconfig.googleapis.com/v1beta1/projects/ecrphmsb/configs 200
[debug] [2023-09-03T07:58:43.439Z] <<< [apiv2][body] GET https://runtimeconfig.googleapis.com/v1beta1/projects/ecrphmsb/configs {}
[debug] [2023-09-03T07:58:43.441Z] Validating nodejs source
[debug] [2023-09-03T07:58:44.409Z] > [functions] package.json contents: {
  "name": "functions",
  "description": "Cloud Functions for Firebase",
  "type": "module",
  "sourceType": "module",
  "scripts": {
    "lint": "eslint .",
    "serve": "firebase emulators:start --only functions",
    "shell": "firebase functions:shell",
    "start": "npm run shell",
    "deploy": "firebase deploy --only functions",
    "logs": "firebase functions:log"
  },
  "engines": {
    "node": "18"
  },
  "main": "index.js",
  "dependencies": {
    "cheerio": "^1.0.0-rc.12",
    "cors": "^2.8.5",
    "express": "^4.18.2",
    "firebase": "^10.1.0",
    "firebase-admin": "^11.10.1",
    "firebase-functions": "^4.4.1",
    "xmldom": "^0.6.0",
    "xpath": "^0.0.33"
  },
  "devDependencies": {
    "eslint": "^8.9.0",
    "eslint-config-google": "^0.14.0",
    "firebase-functions-test": "^0.2.0"
  },
  "private": true
}
[debug] [2023-09-03T07:58:44.411Z] Building nodejs source
[info] i  functions: Loading and analyzing source code for codebase default to determine what to deploy 
[debug] [2023-09-03T07:58:44.412Z] Could not find functions.yaml. Must use http discovery
[debug] [2023-09-03T07:58:44.420Z] Found firebase-functions binary at 'C:\Users\danie\Documents\GitHub\PagosColegio\functions\node_modules\.bin\firebase-functions'
[info] Serving at port 8244

[debug] [2023-09-03T07:58:44.773Z] Got response from /__/functions.yaml {"endpoints":{"calculateAmountOwedByAllHouseholds":{"availableMemoryMb":null,"timeoutSeconds":null,"minInstances":null,"maxInstances":10,"ingressSettings":null,"concurrency":null,"serviceAccountEmail":null,"vpc":null,"platform":"gcfv2","labels":{},"callableTrigger":{},"entryPoint":"calculateAmountOwedByAllHouseholds"},"handleCuota":{"availableMemoryMb":null,"timeoutSeconds":null,"minInstances":null,"maxInstances":10,"ingressSettings":null,"concurrency":null,"serviceAccountEmail":null,"vpc":null,"platform":"gcfv2","labels":{},"eventTrigger":{"eventType":"google.cloud.firestore.document.v1.written","eventFilters":{"database":"(default)","namespace":"(default)"},"eventFilterPathPatterns":{"document":"cuota/{cuotaId}"},"retry":false},"entryPoint":"handleCuota"}},"specVersion":"v1alpha1","requiredAPIs":[]}
[info] shutdown requested via /__/quitquitquit

[debug] [2023-09-03T07:58:44.789Z] Validating nodejs source
[debug] [2023-09-03T07:58:45.765Z] > [functions] package.json contents: {
  "name": "functions",
  "description": "Cloud Functions for Firebase",
  "type": "module",
  "scripts": {
    "lint": "eslint .",
    "serve": "firebase emulators:start --only functions",
    "shell": "firebase functions:shell",
    "start": "npm run shell",
    "deploy": "firebase deploy --only functions",
    "logs": "firebase functions:log"
  },
  "engines": {
    "node": "18"
  },
  "main": "index.js",
  "dependencies": {
    "firebase-admin": "^11.8.0",
    "firebase-functions": "^4.3.1"
  },
  "devDependencies": {
    "eslint": "^8.15.0",
    "eslint-config-google": "^0.14.0",
    "firebase-functions-test": "^3.1.0"
  },
  "private": true
}
[debug] [2023-09-03T07:58:45.767Z] Building nodejs source
[info] i  functions: Loading and analyzing source code for codebase colegio to determine what to deploy 
[debug] [2023-09-03T07:58:45.767Z] Could not find functions.yaml. Must use http discovery
[debug] [2023-09-03T07:58:45.772Z] Found firebase-functions binary at 'C:\Users\danie\Documents\GitHub\PagosColegio\colegio\node_modules\.bin\firebase-functions'
[info] Serving at port 8368

[debug] [2023-09-03T07:58:45.960Z] Got response code 400; body Failed to generate manifest from function source: Error [ERR_MODULE_NOT_FOUND]: Cannot find package 'cheerio' imported from C:\Users\danie\Documents\GitHub\PagosColegio\colegio\functions\calculateAmountOwedByAllHouseholds.js
[info] shutdown requested via /__/quitquitquit

[error] 
[error] Error: Functions codebase could not be analyzed successfully. It may have a syntax or runtime error
