[debug] [2023-08-10T13:39:41.068Z] ----------------------------------------------------------------------
[debug] [2023-08-10T13:39:41.070Z] Command:       C:\Program Files\nodejs\node.exe C:\Users\danie\AppData\Local\Yarn\Data\global\node_modules\firebase-tools\lib\bin\firebase.js init
[debug] [2023-08-10T13:39:41.070Z] CLI Version:   12.4.7
[debug] [2023-08-10T13:39:41.071Z] Platform:      win32
[debug] [2023-08-10T13:39:41.071Z] Node Version:  v18.17.0
[debug] [2023-08-10T13:39:41.071Z] Time:          Thu Aug 10 2023 09:39:41 GMT-0400 (Venezuela Time)
[debug] [2023-08-10T13:39:41.071Z] ----------------------------------------------------------------------
[debug] 
[debug] [2023-08-10T13:39:41.118Z] Object ".extensions" in "firebase.json" has unknown property: {"additionalProperty":"firestore-send-email"}
[debug] [2023-08-10T13:39:41.122Z] > command requires scopes: ["email","openid","https://www.googleapis.com/auth/cloudplatformprojects.readonly","https://www.googleapis.com/auth/firebase","https://www.googleapis.com/auth/cloud-platform"]
[debug] [2023-08-10T13:39:41.122Z] > authorizing via signed-in user (daniel.uzcategui@chopzi.com)
[debug] [2023-08-10T13:39:41.122Z] Object ".extensions" in "firebase.json" has unknown property: {"additionalProperty":"firestore-send-email"}
[info] 
     ######## #### ########  ######## ########     ###     ######  ########
     ##        ##  ##     ## ##       ##     ##  ##   ##  ##       ##
     ######    ##  ########  ######   ########  #########  ######  ######
     ##        ##  ##    ##  ##       ##     ## ##     ##       ## ##
     ##       #### ##     ## ######## ########  ##     ##  ######  ########

You're about to initialize a Firebase project in this directory:

  C:\Users\danie\Documents\GitHub\PagosColegio

Before we get started, keep in mind:

  * You are initializing within an existing Firebase project directory

